2019-09-11 13:23:19,961 - INFO - admin
2019-09-11 13:24:36,377 - INFO - admin
2019-09-11 13:24:56,572 - INFO - admin
2019-09-11 13:28:08,803 - INFO - admin
2019-09-11 13:28:09,744 - INFO - admin
2019-09-11 13:28:10,389 - INFO - admin
2019-09-11 13:28:10,589 - INFO - admin
2019-09-11 13:28:10,733 - INFO - admin
2019-09-11 13:28:10,909 - INFO - admin
2019-09-11 13:28:11,177 - INFO - admin
2019-09-11 13:28:11,336 - INFO - admin
2019-09-11 13:28:27,453 - INFO - admin
2019-09-11 13:28:30,218 - INFO - admin
2019-09-11 13:28:48,819 - INFO - admin
2019-09-11 13:29:09,502 - INFO - admin
2019-09-11 13:29:30,675 - INFO - admin
2019-09-11 13:39:19,954 - INFO - admin
2019-09-11 13:39:44,994 - INFO - admin
2019-09-11 13:40:15,753 - INFO - admin
2019-09-11 13:41:20,716 - INFO - admin
2019-09-11 13:43:12,199 - INFO - admin
2019-09-11 13:43:22,715 - INFO - admin
2019-09-11 13:43:48,863 - INFO - admin
2019-09-11 13:44:05,554 - INFO - admin
2019-09-11 13:44:21,495 - INFO - admin
2019-09-11 13:44:32,240 - INFO - admin
2019-09-11 13:44:33,986 - INFO - index.html
2019-09-11 13:44:52,261 - INFO - index.html
2019-09-11 13:44:54,220 - INFO - index.html
2019-09-11 13:59:45,258 - INFO - index.html
2019-09-11 13:59:46,189 - INFO - index.html
2019-09-11 13:59:47,070 - INFO - index.html
2019-09-11 14:00:19,565 - INFO - index.html
2019-09-11 14:00:31,350 - INFO - index.html
2019-09-11 14:00:32,401 - INFO - index.html
2019-09-11 14:00:33,056 - INFO - index.html
2019-09-11 14:00:33,194 - INFO - index.html
2019-09-11 14:00:33,333 - INFO - index.html
2019-09-11 14:00:33,450 - INFO - index.html
2019-09-11 14:02:50,191 - INFO - index.html
2019-09-11 14:02:58,527 - INFO - index.html
2019-09-11 14:03:07,404 - INFO - index.html
2019-09-11 14:10:29,496 - INFO - index.html
2019-09-11 14:10:32,381 - INFO - index.html
2019-09-11 14:10:36,018 - INFO - index.html
2019-09-11 14:11:03,615 - INFO - duydinh
2019-09-11 14:15:17,033 - INFO - duydinh
2019-09-11 14:38:26,160 - INFO - duydinh
2019-09-11 14:57:20,884 - INFO - 1
2019-09-11 14:59:51,617 - INFO - 1
2019-09-11 15:00:09,966 - INFO - 1
2019-09-11 15:00:18,906 - INFO - 1
2019-09-11 15:00:32,749 - INFO - 1
2019-09-11 15:09:01,839 - INFO - 1
2019-09-11 15:09:13,160 - INFO - 1
2019-09-11 15:11:59,055 - INFO - 1
2019-09-11 15:12:33,977 - INFO - 1
2019-09-11 15:12:48,397 - INFO - 1
2019-09-11 15:13:07,700 - INFO - 1
2019-09-11 15:13:14,827 - INFO - 1
2019-09-11 15:13:26,547 - INFO - 1
2019-09-11 15:13:58,791 - INFO - 1
2019-09-11 15:24:00,230 - INFO - 1
2019-09-11 15:30:31,658 - INFO - 1
2019-09-11 15:30:49,158 - INFO - 1
2019-09-11 15:31:48,345 - INFO - 1
2019-09-11 15:33:13,276 - INFO - 1
2019-09-11 15:35:41,495 - INFO - 1
2019-09-11 17:03:13,838 - INFO - 1
2019-09-11 17:05:52,971 - INFO - 1
2019-09-11 17:06:12,753 - INFO - 1
2019-09-12 08:56:53,867 - INFO - 1
2019-09-12 08:58:27,234 - INFO - 1
2019-09-12 08:58:28,799 - INFO - 1
2019-09-12 08:58:28,972 - INFO - 1
2019-09-12 08:58:29,190 - INFO - 1
2019-09-12 08:58:29,389 - INFO - 1
2019-09-12 08:58:29,550 - INFO - 1
2019-09-12 08:59:32,600 - INFO - 1
2019-09-12 08:59:53,533 - INFO - 1
2019-09-12 09:17:56,181 - INFO - 1
2019-09-12 09:19:15,442 - INFO - Ban dang lam gi
2019-09-12 09:22:46,991 - INFO - Ban dang lam gi
2019-09-12 09:29:32,521 - INFO - Ban dang lam gi
2019-09-12 09:30:22,528 - INFO - Ban dang lam gi
2019-09-12 09:30:58,745 - INFO - Ban dang lam gi
2019-09-12 09:31:21,986 - INFO - Ban dang lam gi
2019-09-12 09:32:05,077 - INFO - Ban dang lam gi
2019-09-12 09:37:30,501 - INFO - Ban dang lam gi
2019-09-12 09:38:08,100 - INFO - Ban dang lam gi
2019-09-12 09:40:18,663 - INFO - Ban dang lam gi
2019-09-12 09:41:23,608 - INFO - Ban dang lam gi
2019-09-12 09:42:35,684 - INFO - Ban dang lam gi
2019-09-12 09:43:00,911 - INFO - Ban dang lam gi
2019-09-12 09:43:43,180 - INFO - Ban dang lam gi
2019-09-12 09:44:09,163 - INFO - Ban dang lam gi
2019-09-12 09:44:51,546 - INFO - Ban dang lam gi
2019-09-12 09:45:17,720 - INFO - Ban dang lam gi
2019-09-12 09:45:19,471 - INFO - Ban dang lam gi
2019-09-12 09:48:49,650 - INFO - Ban dang lam gi
2019-09-12 09:49:18,520 - INFO - Ban dang lam gi
2019-09-12 09:51:21,283 - INFO - Ban dang lam gi
2019-09-12 09:51:30,297 - INFO - Ban dang lam gi
2019-09-12 09:52:45,810 - INFO - Ban dang lam gi
2019-09-12 09:53:35,518 - INFO - Ban dang lam gi
2019-09-12 09:55:10,591 - INFO - Ban dang lam gi
2019-09-12 09:55:48,951 - INFO - Ban dang lam gi
2019-09-12 09:56:01,163 - INFO - Ban dang lam gi
2019-09-12 09:56:48,309 - INFO - Ban dang lam gi
2019-09-12 09:57:13,908 - INFO - Ban dang lam gi
2019-09-12 09:57:31,017 - INFO - Ban dang lam gi
2019-09-12 09:57:49,084 - INFO - Ban dang lam gi
2019-09-12 09:58:06,374 - INFO - Ban dang lam gi
2019-09-12 09:58:42,786 - INFO - Ban dang lam gi
2019-09-12 09:59:22,173 - INFO - Ban dang lam gi
2019-09-12 10:00:35,818 - INFO - Ban dang lam gi
2019-09-12 10:00:37,239 - INFO - Ban dang lam gi
2019-09-12 10:00:38,091 - INFO - Ban dang lam gi
2019-09-12 10:01:05,204 - INFO - Ban dang lam gi
2019-09-12 10:01:16,576 - INFO - Ban dang lam gi
2019-09-12 10:01:27,703 - INFO - Ban dang lam gi
2019-09-12 10:02:15,376 - INFO - Ban dang lam gi
2019-09-12 10:02:30,688 - INFO - Ban dang lam gi
2019-09-12 10:02:47,819 - INFO - Ban dang lam gi
2019-09-12 10:02:59,532 - INFO - Ban dang lam gi
2019-09-12 10:03:17,167 - INFO - Ban dang lam gi
2019-09-12 10:04:03,886 - INFO - Ban dang lam gi
2019-09-12 10:04:11,231 - INFO - Ban dang lam gi
2019-09-12 10:04:42,608 - INFO - Ban dang lam gi
2019-09-12 10:04:43,920 - INFO - Ban dang lam gi
2019-09-12 10:04:54,047 - INFO - Ban dang lam gi
2019-09-12 10:05:41,646 - INFO - Ban dang lam gi
2019-09-12 10:05:55,223 - INFO - Ban dang lam gi
2019-09-12 10:06:06,221 - INFO - Ban dang lam gi
2019-09-12 10:07:27,561 - INFO - Ban dang lam gi
2019-09-12 10:10:19,478 - INFO - Ban dang lam gi
2019-09-12 10:11:07,487 - INFO - Ban dang lam gi
2019-09-12 10:11:47,635 - INFO - Ban dang lam gi
2019-09-12 10:28:39,000 - INFO - Ban dang lam gi
2019-09-12 10:30:09,143 - INFO - Ban dang lam gi
2019-09-12 10:33:30,091 - INFO - Ban dang lam gi
2019-09-12 10:34:15,139 - INFO - Ban dang lam gi
2019-09-12 10:34:43,617 - INFO - Ban dang lam gi
2019-09-12 10:56:30,331 - INFO - Ban dang lam gi
2019-09-12 10:56:33,805 - INFO - Ban dang lam gi
2019-09-12 10:57:05,216 - INFO - Server start success!
2019-09-12 11:08:07,314 - INFO - <mysql.connector.connection.MySQLConnection object at 0x7fb937106978>
2019-09-12 11:16:30,298 - INFO - <libs.mysql.MySQL object at 0x7efebf199b00>
2019-09-12 11:50:51,344 - INFO - None
2019-09-12 11:52:37,920 - INFO - None
2019-09-12 11:52:58,405 - INFO - None
2019-09-12 11:53:12,401 - INFO - None
2019-09-12 11:53:29,756 - INFO - None
2019-09-12 11:59:07,230 - ERROR - __enter__
2019-09-12 11:59:48,639 - ERROR - __enter__
2019-09-12 12:01:03,117 - INFO - None
2019-09-12 12:01:20,875 - INFO - None
2019-09-12 12:01:47,943 - INFO - None
2019-09-12 12:01:47,998 - INFO - <mysql.connector.pooling.MySQLConnectionPool object at 0x7fd18a61a080>
2019-09-12 12:01:48,006 - ERROR - __enter__
2019-09-12 12:02:08,131 - INFO - None
2019-09-12 12:02:08,184 - ERROR - __enter__
2019-09-12 12:03:11,770 - INFO - None
2019-09-12 12:03:11,832 - INFO - <mysql.connector.pooling.MySQLConnectionPool object at 0x7f1317abd0b8>
2019-09-12 12:03:11,839 - ERROR - __enter__
2019-09-12 12:04:23,206 - INFO - None
2019-09-12 12:04:23,299 - INFO - <mysql.connector.pooling.MySQLConnectionPool object at 0x7fab0dabf0b8>
2019-09-12 12:04:23,311 - ERROR - __enter__
2019-09-12 12:04:51,694 - INFO - Server start success!
2019-09-12 12:05:37,995 - INFO - None
2019-09-12 12:05:38,053 - INFO - <mysql.connector.pooling.MySQLConnectionPool object at 0x7f74dce38080>
2019-09-12 12:05:38,061 - ERROR - __enter__
2019-09-12 12:05:55,698 - INFO - None
2019-09-12 12:05:55,764 - ERROR - __enter__
2019-09-12 12:06:36,218 - INFO - None
2019-09-12 12:06:36,282 - INFO - MySQLCursor: (Nothing executed yet)
2019-09-12 12:07:41,736 - INFO - <mysql.connector.pooling.MySQLConnectionPool object at 0x7f52e37e80b8>
2019-09-12 12:07:41,740 - INFO - <mysql.connector.pooling.PooledMySQLConnection object at 0x7f52e37e8b00>
2019-09-12 12:07:41,745 - INFO - MySQLCursor: (Nothing executed yet)
2019-09-12 13:08:40,605 - INFO - <mysql.connector.pooling.MySQLConnectionPool object at 0x7fcde44530b8>
2019-09-12 13:08:40,608 - INFO - <mysql.connector.pooling.PooledMySQLConnection object at 0x7fcde4453b00>
2019-09-12 13:08:40,615 - INFO - MySQLCursor: (Nothing executed yet)
2019-09-12 13:12:42,151 - INFO - Server start success!
2019-09-12 13:22:26,243 - ERROR - connect() argument 1 must be str, not dict
2019-09-12 13:22:26,243 - INFO - None
2019-09-12 13:22:26,243 - ERROR - 'NoneType' object has no attribute 'get_connection'
2019-09-12 13:23:07,467 - ERROR - connect() argument 1 must be str, not dict
2019-09-12 13:23:07,467 - INFO - None
2019-09-12 13:23:07,467 - ERROR - 'NoneType' object has no attribute 'cursor'
2019-09-12 13:23:14,058 - ERROR - connect() argument 1 must be str, not dict
2019-09-12 13:23:14,058 - INFO - None
2019-09-12 13:23:14,059 - ERROR - 'NoneType' object has no attribute 'cursor'
2019-09-12 13:23:38,405 - ERROR - connect() argument 1 must be str, not dict
2019-09-12 13:23:38,406 - INFO - None
2019-09-12 13:23:38,406 - ERROR - 'NoneType' object has no attribute 'cursor'
2019-09-12 13:23:54,919 - ERROR - connect() argument 1 must be str, not dict
2019-09-12 13:23:54,920 - INFO - None
2019-09-12 13:23:54,920 - ERROR - 'NoneType' object has no attribute 'cursor'
2019-09-12 13:24:57,698 - INFO - <_mysql.connection open to '10.10.9.134' at 0x7fe4ec014708>
2019-09-12 13:24:57,699 - INFO - <MySQLdb.cursors.Cursor object at 0x7fe4fbc58c18>
2019-09-12 13:36:58,485 - INFO - Server start success!
2019-09-12 13:57:45,131 - INFO - True
2019-09-12 14:11:28,935 - INFO - {'username': 'duy.dinh', 'fullname': None, 'last_logged_in': None, 'roles': None, 'modules_permit_access': None}
2019-09-12 14:11:28,935 - INFO - True
2019-09-12 14:12:59,076 - INFO - {'username': 'duy.dinh', 'fullname': None, 'last_logged_in': None, 'roles': None, 'modules_permit_access': None}
2019-09-12 14:12:59,076 - INFO - None
2019-09-12 14:14:54,668 - INFO - {'status': True, 'code': 0, 'msg': ''}
2019-09-12 14:15:29,829 - INFO - {'status': True, 'code': 0, 'msg': ''}
2019-09-12 14:17:41,856 - INFO - {'status': True, 'code': 0, 'msg': ''}
2019-09-12 14:17:42,788 - INFO - {'status': True, 'code': 0, 'msg': ''}
2019-09-12 14:20:00,986 - INFO - {'status': True, 'code': 0, 'msg': ''}
2019-09-12 14:26:20,784 - INFO - Server start success!
